<?xml version="1.0" encoding="utf-8"?><testsuites name="pytest tests"><testsuite name="pytest" errors="0" failures="0" skipped="0" tests="24" time="6.956" timestamp="2026-05-07T16:12:39.835299+00:00" hostname="agent-env-a74f482e-a78b-46de-98f9-746d52a6751b"><testcase classname="backend.tests.test_monetization.TestAdminPromotion" name="test_admin_login_is_admin_true" time="0.620" /><testcase classname="backend.tests.test_monetization.TestAdminPromotion" name="test_user_login_is_admin_false" time="0.374" /><testcase classname="backend.tests.test_monetization.TestAdminPromotion" name="test_me_returns_flags" time="0.361" /><testcase classname="backend.tests.test_monetization.TestAdminStats" name="test_stats_forbidden_for_non_admin" time="0.220" /><testcase classname="backend.tests.test_monetization.TestAdminStats" name="test_stats_unauthorized_no_auth" time="0.121" /><testcase classname="backend.tests.test_monetization.TestAdminStats" name="test_stats_admin_ok" time="0.232" /><testcase classname="backend.tests.test_monetization.TestAdminLists" name="test_users_admin_only" time="0.136" /><testcase classname="backend.tests.test_monetization.TestAdminLists" name="test_users_admin_ok" time="0.205" /><testcase classname="backend.tests.test_monetization.TestAdminLists" name="test_admin_reviews_admin_only" time="0.453" /><testcase classname="backend.tests.test_monetization.TestAdminSettings" name="test_get_settings_admin_only" time="0.138" /><testcase classname="backend.tests.test_monetization.TestAdminSettings" name="test_get_settings_returns_all_fields" time="0.141" /><testcase classname="backend.tests.test_monetization.TestAdminSettings" name="test_put_settings_persists" time="0.517" /><testcase classname="backend.tests.test_monetization.TestPublicConfig" name="test_config_no_auth_required" time="0.220" /><testcase classname="backend.tests.test_monetization.TestReviews" name="test_post_review_requires_auth" time="0.147" /><testcase classname="backend.tests.test_monetization.TestReviews" name="test_post_and_update_review" time="0.311" /><testcase classname="backend.tests.test_monetization.TestReviews" name="test_list_reviews_public" time="0.127" /><testcase classname="backend.tests.test_monetization.TestReviews" name="test_my_review" time="0.165" /><testcase classname="backend.tests.test_monetization.TestReviews" name="test_review_rating_validation" time="0.220" /><testcase classname="backend.tests.test_monetization.TestPayments" name="test_create_order_503_when_not_configured" time="0.286" /><testcase classname="backend.tests.test_monetization.TestPayments" name="test_create_order_requires_auth" time="0.148" /><testcase classname="backend.tests.test_monetization.TestPayments" name="test_verify_invalid_signature" time="0.414" /><testcase classname="backend.tests.test_monetization.TestPayments" name="test_verify_valid_signature_promotes_pro" time="0.874" /><testcase classname="backend.tests.test_monetization.TestChatLimit" name="test_chat_usage_pro_admin" time="0.126" /><testcase classname="backend.tests.test_monetization.TestChatLimit" name="test_chat_usage_free_user" time="0.118" /></testsuite></testsuites>