<?xml version="1.0" encoding="utf-8"?><testsuites name="pytest tests"><testsuite name="pytest" errors="0" failures="1" skipped="0" tests="20" time="11.573" timestamp="2026-05-07T15:21:18.476685+00:00" hostname="agent-env-a74f482e-a78b-46de-98f9-746d52a6751b"><testcase classname="backend.tests.backend_test.TestAuth" name="test_signup_new_user" time="0.558"><failure message="AssertionError: assert 'test_b0860079@example.com' == 'TEST_b0860079@example.com'&#10;  &#10;  - TEST_b0860079@example.com&#10;  ? ^^^^&#10;  + test_b0860079@example.com&#10;  ? ^^^^">backend/tests/backend_test.py:46: in test_signup_new_user
    assert data["user"]["email"] == email
E   AssertionError: assert 'test_b0860079@example.com' == 'TEST_b0860079@example.com'
E     
E     - TEST_b0860079@example.com
E     ? ^^^^
E     + test_b0860079@example.com
E     ? ^^^^</failure></testcase><testcase classname="backend.tests.backend_test.TestAuth" name="test_signup_duplicate" time="0.069" /><testcase classname="backend.tests.backend_test.TestAuth" name="test_login_valid" time="0.295" /><testcase classname="backend.tests.backend_test.TestAuth" name="test_login_invalid" time="0.288" /><testcase classname="backend.tests.backend_test.TestAuth" name="test_me_requires_auth" time="0.064" /><testcase classname="backend.tests.backend_test.TestAuth" name="test_me_returns_user" time="0.520" /><testcase classname="backend.tests.backend_test.TestFunctions" name="test_list" time="0.073" /><testcase classname="backend.tests.backend_test.TestFunctions" name="test_categories" time="0.067" /><testcase classname="backend.tests.backend_test.TestFunctions" name="test_search_filter" time="0.073" /><testcase classname="backend.tests.backend_test.TestFunctions" name="test_category_filter" time="0.063" /><testcase classname="backend.tests.backend_test.TestFunctions" name="test_get_one" time="0.134" /><testcase classname="backend.tests.backend_test.TestFunctions" name="test_get_404" time="0.066" /><testcase classname="backend.tests.backend_test.TestTutorials" name="test_list" time="0.064" /><testcase classname="backend.tests.backend_test.TestTutorials" name="test_search" time="0.062" /><testcase classname="backend.tests.backend_test.TestTutorials" name="test_get_one" time="0.128" /><testcase classname="backend.tests.backend_test.TestChat" name="test_message_requires_auth" time="0.063" /><testcase classname="backend.tests.backend_test.TestChat" name="test_send_message_creates_session" time="8.123" /><testcase classname="backend.tests.backend_test.TestChat" name="test_list_sessions" time="0.237" /><testcase classname="backend.tests.backend_test.TestChat" name="test_get_messages" time="0.136" /><testcase classname="backend.tests.backend_test.TestChat" name="test_delete_session" time="0.263" /></testsuite></testsuites>